mode: set
github.com/guilhermeonrails/api-go-gin/models/alunos.go:15.45,16.50 1 1
github.com/guilhermeonrails/api-go-gin/models/alunos.go:19.2,19.12 1 1
github.com/guilhermeonrails/api-go-gin/models/alunos.go:16.50,18.3 1 0
github.com/guilhermeonrails/api-go-gin/database/db.go:16.31,22.16 4 1
github.com/guilhermeonrails/api-go-gin/database/db.go:27.2,28.16 2 1
github.com/guilhermeonrails/api-go-gin/database/db.go:22.16,24.3 1 0
github.com/guilhermeonrails/api-go-gin/database/db.go:28.16,30.3 1 0
github.com/guilhermeonrails/api-go-gin/controllers/controller.go:11.32,16.2 2 1
github.com/guilhermeonrails/api-go-gin/controllers/controller.go:18.34,22.2 3 1
github.com/guilhermeonrails/api-go-gin/controllers/controller.go:24.37,26.49 2 0
github.com/guilhermeonrails/api-go-gin/controllers/controller.go:31.2,31.58 1 0
github.com/guilhermeonrails/api-go-gin/controllers/controller.go:36.2,37.30 2 0
github.com/guilhermeonrails/api-go-gin/controllers/controller.go:26.49,30.3 2 0
github.com/guilhermeonrails/api-go-gin/controllers/controller.go:31.58,35.3 2 0
github.com/guilhermeonrails/api-go-gin/controllers/controller.go:40.39,44.19 4 1
github.com/guilhermeonrails/api-go-gin/controllers/controller.go:49.2,49.30 1 1
github.com/guilhermeonrails/api-go-gin/controllers/controller.go:44.19,48.3 2 0
github.com/guilhermeonrails/api-go-gin/controllers/controller.go:52.35,57.2 4 1
github.com/guilhermeonrails/api-go-gin/controllers/controller.go:59.34,63.49 4 1
github.com/guilhermeonrails/api-go-gin/controllers/controller.go:68.2,68.58 1 1
github.com/guilhermeonrails/api-go-gin/controllers/controller.go:73.2,74.30 2 1
github.com/guilhermeonrails/api-go-gin/controllers/controller.go:63.49,67.3 2 0
github.com/guilhermeonrails/api-go-gin/controllers/controller.go:68.58,72.3 2 0
github.com/guilhermeonrails/api-go-gin/controllers/controller.go:77.39,82.19 4 1
github.com/guilhermeonrails/api-go-gin/controllers/controller.go:87.2,87.30 1 1
github.com/guilhermeonrails/api-go-gin/controllers/controller.go:82.19,86.3 2 0
github.com/guilhermeonrails/api-go-gin/controllers/controller.go:90.39,96.2 3 0
github.com/guilhermeonrails/api-go-gin/controllers/controller.go:98.40,100.2 1 0
github.com/guilhermeonrails/api-go-gin/routes/route.go:9.22,26.16 15 0
github.com/guilhermeonrails/api-go-gin/routes/route.go:26.16,28.3 1 0
github.com/guilhermeonrails/api-go-gin/main.go:8.13,11.2 2 0
